2026-03-04 10:09:12,485 - INFO - Lecture du fichier : data/jeux_de_données.csv
2026-03-04 10:09:12,488 - INFO - Extraction réussie
2026-03-04 10:17:42,178 - INFO - ===== DÉMARRAGE DU PIPELINE ETL =====
2026-03-04 10:17:42,178 - INFO - Lecture du fichier : data/jeux_de_données.csv
2026-03-04 10:17:42,180 - INFO - Extraction réussie
2026-03-04 10:17:42,181 - INFO - Début analyse des données
2026-03-04 10:17:42,202 - INFO - Analyse terminée
2026-03-04 10:17:42,202 - INFO - Pipeline exécuté avec succčs
2026-03-04 10:17:42,202 - INFO - ===== FIN DU PIPELINE ETL =====

2026-03-04 10:23:10,149 - INFO - ===== DÉMARRAGE DU PIPELINE ETL =====
2026-03-04 10:23:10,149 - INFO - Lecture du fichier : data/jeux_de_données.csv
2026-03-04 10:23:10,152 - INFO - Extraction réussie
2026-03-04 10:23:10,153 - INFO - Début analyse des données
2026-03-04 10:23:10,177 - INFO - Analyse terminée
2026-03-04 10:23:10,177 - INFO - Traitement des valeurs manquantes
2026-03-04 10:23:10,179 - INFO - Valeurs manquantes Quantite_vendue remplacées par médiane
2026-03-04 10:23:10,180 - INFO - Valeurs manquantes Prix_unitaire remplacées par moyenne
2026-03-04 10:23:10,181 - INFO - Début analyse des données
2026-03-04 10:23:10,206 - INFO - Analyse terminée
2026-03-04 10:23:10,206 - INFO - Pipeline exécuté avec succčs
2026-03-04 10:23:10,206 - INFO - ===== FIN DU PIPELINE ETL =====

2026-03-04 10:29:28,414 - INFO - ===== DÉMARRAGE DU PIPELINE ETL =====
2026-03-04 10:29:28,414 - INFO - Lecture du fichier : data/jeux_de_données.csv
2026-03-04 10:29:28,417 - INFO - Extraction réussie
2026-03-04 10:29:28,417 - INFO - Début analyse des données
2026-03-04 10:29:28,436 - INFO - Analyse terminée
2026-03-04 10:29:28,437 - INFO - Traitement des valeurs manquantes
2026-03-04 10:29:28,437 - INFO - Quantite_vendue : valeurs manquantes remplacées par médiane
2026-03-04 10:29:28,438 - INFO - Prix_unitaire : valeurs manquantes remplacées par moyenne
2026-03-04 10:29:28,438 - INFO - Début analyse des données
2026-03-04 10:29:28,453 - INFO - Analyse terminée
2026-03-04 10:29:28,453 - INFO - Pipeline exécuté avec succčs
2026-03-04 10:29:28,453 - INFO - ===== FIN DU PIPELINE ETL =====

2026-03-04 10:33:19,300 - INFO - ===== DÉMARRAGE DU PIPELINE ETL =====
2026-03-04 10:33:19,300 - INFO - Lecture du fichier : data/jeux_de_données.csv
2026-03-04 10:33:19,302 - INFO - Extraction réussie
2026-03-04 10:33:19,303 - INFO - Début analyse des données
2026-03-04 10:33:19,324 - INFO - Analyse terminée
2026-03-04 10:33:19,324 - INFO - Traitement des valeurs manquantes
2026-03-04 10:33:19,325 - INFO - Quantite_vendue remplacée par médiane
2026-03-04 10:33:19,325 - INFO - Prix_unitaire remplacé par moyenne
2026-03-04 10:33:19,325 - INFO - Nom_produit remplacé par valeur par défaut
2026-03-04 10:33:19,325 - INFO - Conversion du format Date_vente
2026-03-04 10:33:19,327 - INFO - Création colonne Chiffre_affaires
2026-03-04 10:33:19,330 - INFO - Normalisation du chiffre d'affaires
2026-03-04 10:33:19,331 - INFO - Début analyse des données
2026-03-04 10:33:19,358 - INFO - Analyse terminée
2026-03-04 10:33:19,359 - INFO - Agrégation par produit
2026-03-04 10:33:19,374 - INFO - Pipeline exécuté avec succčs
2026-03-04 10:33:19,374 - INFO - ===== FIN DU PIPELINE ETL =====

2026-03-04 10:58:23,637 - INFO - ===== DÉMARRAGE PIPELINE ETL =====
2026-03-04 10:58:23,637 - INFO - Lecture du fichier : data/jeux_de_données.csv
2026-03-04 10:58:23,640 - INFO - Extraction réussie
2026-03-04 10:58:23,640 - INFO - Début analyse des données
2026-03-04 10:58:23,658 - INFO - Analyse terminée
2026-03-04 10:58:23,658 - INFO - Traitement des valeurs manquantes
2026-03-04 10:58:23,662 - INFO - Suppression des doublons
2026-03-04 10:58:23,663 - INFO - 0 doublons supprimés
2026-03-04 10:58:23,663 - INFO - Détection des outliers sur Quantite_vendue
2026-03-04 10:58:23,664 - INFO - 0 outliers supprimés pour Quantite_vendue
2026-03-04 10:58:23,664 - INFO - Détection des outliers sur Prix_unitaire
2026-03-04 10:58:23,666 - INFO - 0 outliers supprimés pour Prix_unitaire
2026-03-04 10:58:23,667 - INFO - Début analyse des données
2026-03-04 10:58:23,693 - INFO - Analyse terminée
2026-03-04 10:58:23,705 - INFO - Pipeline exécuté avec succčs
2026-03-04 10:58:23,705 - INFO - ===== FIN PIPELINE ETL =====

2026-03-04 11:04:29,147 - INFO - ===== DÉMARRAGE DU PIPELINE ETL =====
2026-03-04 11:04:29,147 - INFO - Lecture du fichier : data/jeux_de_données.csv
2026-03-04 11:04:29,150 - INFO - Extraction réussie
2026-03-04 11:04:29,150 - INFO - Début analyse des données
2026-03-04 11:04:29,172 - INFO - Analyse terminée
2026-03-04 11:04:29,172 - INFO - Traitement des valeurs manquantes
2026-03-04 11:04:29,176 - INFO - Suppression des doublons
2026-03-04 11:04:29,178 - INFO - 0 doublons supprimés
2026-03-04 11:04:29,178 - INFO - Détection des outliers sur Quantite_vendue
2026-03-04 11:04:29,180 - INFO - 0 outliers supprimés pour Quantite_vendue
2026-03-04 11:04:29,181 - INFO - Détection des outliers sur Prix_unitaire
2026-03-04 11:04:29,182 - INFO - 0 outliers supprimés pour Prix_unitaire
2026-03-04 11:04:29,183 - INFO - Début analyse des données
2026-03-04 11:04:29,221 - INFO - Analyse terminée
2026-03-04 11:04:29,222 - INFO - Validation des données
2026-03-04 11:04:29,223 - CRITICAL - Erreur critique : Il reste des valeurs manquantes
2026-03-04 11:04:29,223 - INFO - ===== FIN DU PIPELINE ETL =====

